{"message":"expected `=`","code":null,"level":"error","spans":[{"file_name":"programs/nftDex/src/lib.rs","byte_start":1375,"byte_end":1376,"line_start":50,"line_end":50,"column_start":5,"column_end":6,"is_primary":true,"text":[{"text":"    )]","highlight_start":5,"highlight_end":6}],"label":null,"suggested_replacement":null,"suggestion_applicability":null,"expansion":null}],"children":[],"rendered":"\u001b[0m\u001b[1m\u001b[38;5;9merror\u001b[0m\u001b[0m\u001b[1m: expected `=`\u001b[0m\n\u001b[0m  \u001b[0m\u001b[0m\u001b[1m\u001b[38;5;12m--> \u001b[0m\u001b[0mprograms/nftDex/src/lib.rs:50:5\u001b[0m\n\u001b[0m   \u001b[0m\u001b[0m\u001b[1m\u001b[38;5;12m|\u001b[0m\n\u001b[0m\u001b[1m\u001b[38;5;12m50\u001b[0m\u001b[0m \u001b[0m\u001b[0m\u001b[1m\u001b[38;5;12m|\u001b[0m\u001b[0m \u001b[0m\u001b[0m    )]\u001b[0m\n\u001b[0m   \u001b[0m\u001b[0m\u001b[1m\u001b[38;5;12m| \u001b[0m\u001b[0m    \u001b[0m\u001b[0m\u001b[1m\u001b[38;5;9m^\u001b[0m\n\n"}
{"message":"unresolved import `crate`","code":{"code":"E0432","explanation":"An import was unresolved.\n\nErroneous code example:\n\n```compile_fail,E0432\nuse something::Foo; // error: unresolved import `something::Foo`.\n```\n\nIn Rust 2015, paths in `use` statements are relative to the crate root. To\nimport items relative to the current and parent modules, use the `self::` and\n`super::` prefixes, respectively.\n\nIn Rust 2018 or later, paths in `use` statements are relative to the current\nmodule unless they begin with the name of a crate or a literal `crate::`, in\nwhich case they start from the crate root. As in Rust 2015 code, the `self::`\nand `super::` prefixes refer to the current and parent modules respectively.\n\nAlso verify that you didn't misspell the import name and that the import exists\nin the module from where you tried to import it. Example:\n\n```\nuse self::something::Foo; // Ok.\n\nmod something {\n    pub struct Foo;\n}\n# fn main() {}\n```\n\nIf you tried to use a module from an external crate and are using Rust 2015,\nyou may have missed the `extern crate` declaration (which is usually placed in\nthe crate root):\n\n```edition2015\nextern crate core; // Required to use the `core` crate in Rust 2015.\n\nuse core::any;\n# fn main() {}\n```\n\nSince Rust 2018 the `extern crate` declaration is not required and\nyou can instead just `use` it:\n\n```edition2018\nuse core::any; // No extern crate required in Rust 2018.\n# fn main() {}\n```\n"},"level":"error","spans":[{"file_name":"programs/nftDex/src/lib.rs","byte_start":313,"byte_end":323,"line_start":16,"line_end":16,"column_start":1,"column_end":11,"is_primary":true,"text":[{"text":"#[program]","highlight_start":1,"highlight_end":11}],"label":"could not find `__client_accounts_init_account` in the crate root","suggested_replacement":null,"suggestion_applicability":null,"expansion":{"span":{"file_name":"programs/nftDex/src/lib.rs","byte_start":313,"byte_end":323,"line_start":16,"line_end":16,"column_start":1,"column_end":11,"is_primary":false,"text":[{"text":"#[program]","highlight_start":1,"highlight_end":11}],"label":null,"suggested_replacement":null,"suggestion_applicability":null,"expansion":null},"macro_decl_name":"#[program]","def_site_span":{"file_name":"/home/kyle/.cargo/registry/src/github.com-1ecc6299db9ec823/anchor-attribute-program-0.24.2/src/lib.rs","byte_start":234,"byte_end":350,"line_start":9,"line_end":12,"column_start":1,"column_end":29,"is_primary":false,"text":[{"text":"pub fn program(","highlight_start":1,"highlight_end":16},{"text":"    _args: proc_macro::TokenStream,","highlight_start":1,"highlight_end":36},{"text":"    input: proc_macro::TokenStream,","highlight_start":1,"highlight_end":36},{"text":") -> proc_macro::TokenStream {","highlight_start":1,"highlight_end":29}],"label":null,"suggested_replacement":null,"suggestion_applicability":null,"expansion":null}}}],"children":[],"rendered":"\u001b[0m\u001b[1m\u001b[38;5;9merror[E0432]\u001b[0m\u001b[0m\u001b[1m: unresolved import `crate`\u001b[0m\n\u001b[0m  \u001b[0m\u001b[0m\u001b[1m\u001b[38;5;12m--> \u001b[0m\u001b[0mprograms/nftDex/src/lib.rs:16:1\u001b[0m\n\u001b[0m   \u001b[0m\u001b[0m\u001b[1m\u001b[38;5;12m|\u001b[0m\n\u001b[0m\u001b[1m\u001b[38;5;12m16\u001b[0m\u001b[0m \u001b[0m\u001b[0m\u001b[1m\u001b[38;5;12m|\u001b[0m\u001b[0m \u001b[0m\u001b[0m#[program]\u001b[0m\n\u001b[0m   \u001b[0m\u001b[0m\u001b[1m\u001b[38;5;12m| \u001b[0m\u001b[0m\u001b[1m\u001b[38;5;9m^^^^^^^^^^\u001b[0m\u001b[0m \u001b[0m\u001b[0m\u001b[1m\u001b[38;5;9mcould not find `__client_accounts_init_account` in the crate root\u001b[0m\n\u001b[0m   \u001b[0m\u001b[0m\u001b[1m\u001b[38;5;12m|\u001b[0m\n\u001b[0m   \u001b[0m\u001b[0m\u001b[1m\u001b[38;5;12m= \u001b[0m\u001b[0m\u001b[1mnote\u001b[0m\u001b[0m: this error originates in the attribute macro `program` (in Nightly builds, run with -Z macro-backtrace for more info)\u001b[0m\n\n"}
{"message":"no function or associated item named `try_accounts` found for struct `InitAccount` in the current scope","code":{"code":"E0599","explanation":"This error occurs when a method is used on a type which doesn't implement it:\n\nErroneous code example:\n\n```compile_fail,E0599\nstruct Mouth;\n\nlet x = Mouth;\nx.chocolate(); // error: no method named `chocolate` found for type `Mouth`\n               //        in the current scope\n```\n\nIn this case, you need to implement the `chocolate` method to fix the error:\n\n```\nstruct Mouth;\n\nimpl Mouth {\n    fn chocolate(&self) { // We implement the `chocolate` method here.\n        println!(\"Hmmm! I love chocolate!\");\n    }\n}\n\nlet x = Mouth;\nx.chocolate(); // ok!\n```\n"},"level":"error","spans":[{"file_name":"programs/nftDex/src/lib.rs","byte_start":1150,"byte_end":1179,"line_start":42,"line_end":42,"column_start":1,"column_end":30,"is_primary":false,"text":[{"text":"pub struct InitAccount<'info> {","highlight_start":1,"highlight_end":30}],"label":"function or associated item `try_accounts` not found for this struct","suggested_replacement":null,"suggestion_applicability":null,"expansion":null},{"file_name":"programs/nftDex/src/lib.rs","byte_start":313,"byte_end":323,"line_start":16,"line_end":16,"column_start":1,"column_end":11,"is_primary":true,"text":[{"text":"#[program]","highlight_start":1,"highlight_end":11}],"label":"function or associated item not found in `InitAccount<'_>`","suggested_replacement":null,"suggestion_applicability":null,"expansion":{"span":{"file_name":"programs/nftDex/src/lib.rs","byte_start":313,"byte_end":323,"line_start":16,"line_end":16,"column_start":1,"column_end":11,"is_primary":false,"text":[{"text":"#[program]","highlight_start":1,"highlight_end":11}],"label":null,"suggested_replacement":null,"suggestion_applicability":null,"expansion":null},"macro_decl_name":"#[program]","def_site_span":{"file_name":"/home/kyle/.cargo/registry/src/github.com-1ecc6299db9ec823/anchor-attribute-program-0.24.2/src/lib.rs","byte_start":234,"byte_end":350,"line_start":9,"line_end":12,"column_start":1,"column_end":29,"is_primary":false,"text":[{"text":"pub fn program(","highlight_start":1,"highlight_end":16},{"text":"    _args: proc_macro::TokenStream,","highlight_start":1,"highlight_end":36},{"text":"    input: proc_macro::TokenStream,","highlight_start":1,"highlight_end":36},{"text":") -> proc_macro::TokenStream {","highlight_start":1,"highlight_end":29}],"label":null,"suggested_replacement":null,"suggestion_applicability":null,"expansion":null}}}],"children":[{"message":"items from traits can only be used if the trait is implemented and in scope","code":null,"level":"help","spans":[],"children":[],"rendered":null},{"message":"the following trait defines an item `try_accounts`, perhaps you need to implement it:\ncandidate #1: `anchor_lang::Accounts`","code":null,"level":"note","spans":[],"children":[],"rendered":null}],"rendered":"\u001b[0m\u001b[1m\u001b[38;5;9merror[E0599]\u001b[0m\u001b[0m\u001b[1m: no function or associated item named `try_accounts` found for struct `InitAccount` in the current scope\u001b[0m\n\u001b[0m  \u001b[0m\u001b[0m\u001b[1m\u001b[38;5;12m--> \u001b[0m\u001b[0mprograms/nftDex/src/lib.rs:16:1\u001b[0m\n\u001b[0m   \u001b[0m\u001b[0m\u001b[1m\u001b[38;5;12m|\u001b[0m\n\u001b[0m\u001b[1m\u001b[38;5;12m16\u001b[0m\u001b[0m \u001b[0m\u001b[0m\u001b[1m\u001b[38;5;12m|\u001b[0m\u001b[0m \u001b[0m\u001b[0m#[program]\u001b[0m\n\u001b[0m   \u001b[0m\u001b[0m\u001b[1m\u001b[38;5;12m| \u001b[0m\u001b[0m\u001b[1m\u001b[38;5;9m^^^^^^^^^^\u001b[0m\u001b[0m \u001b[0m\u001b[0m\u001b[1m\u001b[38;5;9mfunction or associated item not found in `InitAccount<'_>`\u001b[0m\n\u001b[0m\u001b[1m\u001b[38;5;12m...\u001b[0m\n\u001b[0m\u001b[1m\u001b[38;5;12m42\u001b[0m\u001b[0m \u001b[0m\u001b[0m\u001b[1m\u001b[38;5;12m|\u001b[0m\u001b[0m \u001b[0m\u001b[0mpub struct InitAccount<'info> {\u001b[0m\n\u001b[0m   \u001b[0m\u001b[0m\u001b[1m\u001b[38;5;12m| \u001b[0m\u001b[0m\u001b[1m\u001b[38;5;12m-----------------------------\u001b[0m\u001b[0m \u001b[0m\u001b[0m\u001b[1m\u001b[38;5;12mfunction or associated item `try_accounts` not found for this struct\u001b[0m\n\u001b[0m   \u001b[0m\u001b[0m\u001b[1m\u001b[38;5;12m|\u001b[0m\n\u001b[0m   \u001b[0m\u001b[0m\u001b[1m\u001b[38;5;12m= \u001b[0m\u001b[0m\u001b[1mhelp\u001b[0m\u001b[0m: items from traits can only be used if the trait is implemented and in scope\u001b[0m\n\u001b[0m   \u001b[0m\u001b[0m\u001b[1m\u001b[38;5;12m= \u001b[0m\u001b[0m\u001b[1mnote\u001b[0m\u001b[0m: the following trait defines an item `try_accounts`, perhaps you need to implement it:\u001b[0m\n\u001b[0m           candidate #1: `anchor_lang::Accounts`\u001b[0m\n\u001b[0m   \u001b[0m\u001b[0m\u001b[1m\u001b[38;5;12m= \u001b[0m\u001b[0m\u001b[1mnote\u001b[0m\u001b[0m: this error originates in the attribute macro `program` (in Nightly builds, run with -Z macro-backtrace for more info)\u001b[0m\n\n"}
{"message":"the trait bound `InitAccount<'_>: anchor_lang::Accounts<'_>` is not satisfied","code":{"code":"E0277","explanation":"You tried to use a type which doesn't implement some trait in a place which\nexpected that trait.\n\nErroneous code example:\n\n```compile_fail,E0277\n// here we declare the Foo trait with a bar method\ntrait Foo {\n    fn bar(&self);\n}\n\n// we now declare a function which takes an object implementing the Foo trait\nfn some_func<T: Foo>(foo: T) {\n    foo.bar();\n}\n\nfn main() {\n    // we now call the method with the i32 type, which doesn't implement\n    // the Foo trait\n    some_func(5i32); // error: the trait bound `i32 : Foo` is not satisfied\n}\n```\n\nIn order to fix this error, verify that the type you're using does implement\nthe trait. Example:\n\n```\ntrait Foo {\n    fn bar(&self);\n}\n\n// we implement the trait on the i32 type\nimpl Foo for i32 {\n    fn bar(&self) {}\n}\n\nfn some_func<T: Foo>(foo: T) {\n    foo.bar(); // we can now use this method since i32 implements the\n               // Foo trait\n}\n\nfn main() {\n    some_func(5i32); // ok!\n}\n```\n\nOr in a generic context, an erroneous code example would look like:\n\n```compile_fail,E0277\nfn some_func<T>(foo: T) {\n    println!(\"{:?}\", foo); // error: the trait `core::fmt::Debug` is not\n                           //        implemented for the type `T`\n}\n\nfn main() {\n    // We now call the method with the i32 type,\n    // which *does* implement the Debug trait.\n    some_func(5i32);\n}\n```\n\nNote that the error here is in the definition of the generic function. Although\nwe only call it with a parameter that does implement `Debug`, the compiler\nstill rejects the function. It must work with all possible input types. In\norder to make this example compile, we need to restrict the generic type we're\naccepting:\n\n```\nuse std::fmt;\n\n// Restrict the input type to types that implement Debug.\nfn some_func<T: fmt::Debug>(foo: T) {\n    println!(\"{:?}\", foo);\n}\n\nfn main() {\n    // Calling the method is still fine, as i32 implements Debug.\n    some_func(5i32);\n\n    // This would fail to compile now:\n    // struct WithoutDebug;\n    // some_func(WithoutDebug);\n}\n```\n\nRust only looks at the signature of the called function, as such it must\nalready specify all requirements that will be used for every type parameter.\n"},"level":"error","spans":[{"file_name":"programs/nftDex/src/lib.rs","byte_start":313,"byte_end":323,"line_start":16,"line_end":16,"column_start":1,"column_end":11,"is_primary":true,"text":[{"text":"#[program]","highlight_start":1,"highlight_end":11}],"label":"the trait `anchor_lang::Accounts<'_>` is not implemented for `InitAccount<'_>`","suggested_replacement":null,"suggestion_applicability":null,"expansion":{"span":{"file_name":"programs/nftDex/src/lib.rs","byte_start":313,"byte_end":323,"line_start":16,"line_end":16,"column_start":1,"column_end":11,"is_primary":false,"text":[{"text":"#[program]","highlight_start":1,"highlight_end":11}],"label":null,"suggested_replacement":null,"suggestion_applicability":null,"expansion":null},"macro_decl_name":"#[program]","def_site_span":{"file_name":"/home/kyle/.cargo/registry/src/github.com-1ecc6299db9ec823/anchor-attribute-program-0.24.2/src/lib.rs","byte_start":234,"byte_end":350,"line_start":9,"line_end":12,"column_start":1,"column_end":29,"is_primary":false,"text":[{"text":"pub fn program(","highlight_start":1,"highlight_end":16},{"text":"    _args: proc_macro::TokenStream,","highlight_start":1,"highlight_end":36},{"text":"    input: proc_macro::TokenStream,","highlight_start":1,"highlight_end":36},{"text":") -> proc_macro::TokenStream {","highlight_start":1,"highlight_end":29}],"label":null,"suggested_replacement":null,"suggestion_applicability":null,"expansion":null}}}],"children":[{"message":"the following other types implement trait `anchor_lang::Accounts<'info>`:\n  AccountLoader<'info, T>\n  Box<T>\n  CpiAccount<'info, T>\n  CpiState<'info, T>\n  CreateNonceAccount<'info>\n  CreateNonceAccountWithSeed<'info>\n  Ctor<'info>\n  IdlAccounts<'info>\nand 24 others","code":null,"level":"help","spans":[],"children":[],"rendered":null},{"message":"required by a bound in `anchor_lang::context::Context::<'a, 'b, 'c, 'info, T>::new`","code":null,"level":"note","spans":[{"file_name":"programs/nftDex/src/lib.rs","byte_start":0,"byte_end":0,"line_start":1,"line_end":1,"column_start":1,"column_end":1,"is_primary":false,"text":[],"label":"required by a bound in this","suggested_replacement":null,"suggestion_applicability":null,"expansion":null},{"file_name":"/home/kyle/.cargo/registry/src/github.com-1ecc6299db9ec823/anchor-lang-0.24.2/src/context.rs","byte_start":1833,"byte_end":1848,"line_start":50,"line_end":50,"column_start":28,"column_end":43,"is_primary":true,"text":[{"text":"impl<'a, 'b, 'c, 'info, T: Accounts<'info>> Context<'a, 'b, 'c, 'info, T> {","highlight_start":28,"highlight_end":43}],"label":"required by this bound in `anchor_lang::context::Context::<'a, 'b, 'c, 'info, T>::new`","suggested_replacement":null,"suggestion_applicability":null,"expansion":null}],"children":[],"rendered":null}],"rendered":"\u001b[0m\u001b[1m\u001b[38;5;9merror[E0277]\u001b[0m\u001b[0m\u001b[1m: the trait bound `InitAccount<'_>: anchor_lang::Accounts<'_>` is not satisfied\u001b[0m\n\u001b[0m  \u001b[0m\u001b[0m\u001b[1m\u001b[38;5;12m--> \u001b[0m\u001b[0mprograms/nftDex/src/lib.rs:16:1\u001b[0m\n\u001b[0m   \u001b[0m\u001b[0m\u001b[1m\u001b[38;5;12m|\u001b[0m\n\u001b[0m\u001b[1m\u001b[38;5;12m16\u001b[0m\u001b[0m \u001b[0m\u001b[0m\u001b[1m\u001b[38;5;12m|\u001b[0m\u001b[0m \u001b[0m\u001b[0m#[program]\u001b[0m\n\u001b[0m   \u001b[0m\u001b[0m\u001b[1m\u001b[38;5;12m| \u001b[0m\u001b[0m\u001b[1m\u001b[38;5;9m^^^^^^^^^^\u001b[0m\u001b[0m \u001b[0m\u001b[0m\u001b[1m\u001b[38;5;9mthe trait `anchor_lang::Accounts<'_>` is not implemented for `InitAccount<'_>`\u001b[0m\n\u001b[0m   \u001b[0m\u001b[0m\u001b[1m\u001b[38;5;12m|\u001b[0m\n\u001b[0m   \u001b[0m\u001b[0m\u001b[1m\u001b[38;5;12m= \u001b[0m\u001b[0m\u001b[1mhelp\u001b[0m\u001b[0m: the following other types implement trait `anchor_lang::Accounts<'info>`:\u001b[0m\n\u001b[0m             AccountLoader<'info, T>\u001b[0m\n\u001b[0m             Box<T>\u001b[0m\n\u001b[0m             CpiAccount<'info, T>\u001b[0m\n\u001b[0m             CpiState<'info, T>\u001b[0m\n\u001b[0m             CreateNonceAccount<'info>\u001b[0m\n\u001b[0m             CreateNonceAccountWithSeed<'info>\u001b[0m\n\u001b[0m             Ctor<'info>\u001b[0m\n\u001b[0m             IdlAccounts<'info>\u001b[0m\n\u001b[0m           and 24 others\u001b[0m\n\u001b[0m\u001b[1m\u001b[38;5;10mnote\u001b[0m\u001b[0m: required by a bound in `anchor_lang::context::Context::<'a, 'b, 'c, 'info, T>::new`\u001b[0m\n\u001b[0m  \u001b[0m\u001b[0m\u001b[1m\u001b[38;5;12m--> \u001b[0m\u001b[0m/home/kyle/.cargo/registry/src/github.com-1ecc6299db9ec823/anchor-lang-0.24.2/src/context.rs:50:28\u001b[0m\n\u001b[0m   \u001b[0m\u001b[0m\u001b[1m\u001b[38;5;12m|\u001b[0m\n\u001b[0m\u001b[1m\u001b[38;5;12m50\u001b[0m\u001b[0m \u001b[0m\u001b[0m\u001b[1m\u001b[38;5;12m|\u001b[0m\u001b[0m \u001b[0m\u001b[0mimpl<'a, 'b, 'c, 'info, T: Accounts<'info>> Context<'a, 'b, 'c, 'info, T> {\u001b[0m\n\u001b[0m   \u001b[0m\u001b[0m\u001b[1m\u001b[38;5;12m| \u001b[0m\u001b[0m                           \u001b[0m\u001b[0m\u001b[1m\u001b[38;5;10m^^^^^^^^^^^^^^^\u001b[0m\u001b[0m \u001b[0m\u001b[0m\u001b[1m\u001b[38;5;10mrequired by this bound in `anchor_lang::context::Context::<'a, 'b, 'c, 'info, T>::new`\u001b[0m\n\u001b[0m   \u001b[0m\u001b[0m\u001b[1m\u001b[38;5;12m= \u001b[0m\u001b[0m\u001b[1mnote\u001b[0m\u001b[0m: this error originates in the attribute macro `program` (in Nightly builds, run with -Z macro-backtrace for more info)\u001b[0m\n\n"}
{"message":"no method named `exit` found for struct `InitAccount` in the current scope","code":{"code":"E0599","explanation":"This error occurs when a method is used on a type which doesn't implement it:\n\nErroneous code example:\n\n```compile_fail,E0599\nstruct Mouth;\n\nlet x = Mouth;\nx.chocolate(); // error: no method named `chocolate` found for type `Mouth`\n               //        in the current scope\n```\n\nIn this case, you need to implement the `chocolate` method to fix the error:\n\n```\nstruct Mouth;\n\nimpl Mouth {\n    fn chocolate(&self) { // We implement the `chocolate` method here.\n        println!(\"Hmmm! I love chocolate!\");\n    }\n}\n\nlet x = Mouth;\nx.chocolate(); // ok!\n```\n"},"level":"error","spans":[{"file_name":"programs/nftDex/src/lib.rs","byte_start":1150,"byte_end":1179,"line_start":42,"line_end":42,"column_start":1,"column_end":30,"is_primary":false,"text":[{"text":"pub struct InitAccount<'info> {","highlight_start":1,"highlight_end":30}],"label":"method `exit` not found for this struct","suggested_replacement":null,"suggestion_applicability":null,"expansion":null},{"file_name":"programs/nftDex/src/lib.rs","byte_start":313,"byte_end":323,"line_start":16,"line_end":16,"column_start":1,"column_end":11,"is_primary":true,"text":[{"text":"#[program]","highlight_start":1,"highlight_end":11}],"label":"method not found in `InitAccount<'_>`","suggested_replacement":null,"suggestion_applicability":null,"expansion":{"span":{"file_name":"programs/nftDex/src/lib.rs","byte_start":313,"byte_end":323,"line_start":16,"line_end":16,"column_start":1,"column_end":11,"is_primary":false,"text":[{"text":"#[program]","highlight_start":1,"highlight_end":11}],"label":null,"suggested_replacement":null,"suggestion_applicability":null,"expansion":null},"macro_decl_name":"#[program]","def_site_span":{"file_name":"/home/kyle/.cargo/registry/src/github.com-1ecc6299db9ec823/anchor-attribute-program-0.24.2/src/lib.rs","byte_start":234,"byte_end":350,"line_start":9,"line_end":12,"column_start":1,"column_end":29,"is_primary":false,"text":[{"text":"pub fn program(","highlight_start":1,"highlight_end":16},{"text":"    _args: proc_macro::TokenStream,","highlight_start":1,"highlight_end":36},{"text":"    input: proc_macro::TokenStream,","highlight_start":1,"highlight_end":36},{"text":") -> proc_macro::TokenStream {","highlight_start":1,"highlight_end":29}],"label":null,"suggested_replacement":null,"suggestion_applicability":null,"expansion":null}}}],"children":[{"message":"items from traits can only be used if the trait is implemented and in scope","code":null,"level":"help","spans":[],"children":[],"rendered":null},{"message":"the following trait defines an item `exit`, perhaps you need to implement it:\ncandidate #1: `anchor_lang::AccountsExit`","code":null,"level":"note","spans":[],"children":[],"rendered":null},{"message":"one of the expressions' fields has a method of the same name","code":null,"level":"help","spans":[{"file_name":"programs/nftDex/src/lib.rs","byte_start":313,"byte_end":313,"line_start":16,"line_end":16,"column_start":1,"column_end":1,"is_primary":true,"text":[{"text":"#[program]","highlight_start":1,"highlight_end":1}],"label":null,"suggested_replacement":"owner.","suggestion_applicability":"MaybeIncorrect","expansion":{"span":{"file_name":"programs/nftDex/src/lib.rs","byte_start":313,"byte_end":323,"line_start":16,"line_end":16,"column_start":1,"column_end":11,"is_primary":false,"text":[{"text":"#[program]","highlight_start":1,"highlight_end":11}],"label":null,"suggested_replacement":null,"suggestion_applicability":null,"expansion":null},"macro_decl_name":"#[program]","def_site_span":{"file_name":"/home/kyle/.cargo/registry/src/github.com-1ecc6299db9ec823/anchor-attribute-program-0.24.2/src/lib.rs","byte_start":234,"byte_end":350,"line_start":9,"line_end":12,"column_start":1,"column_end":29,"is_primary":false,"text":[{"text":"pub fn program(","highlight_start":1,"highlight_end":16},{"text":"    _args: proc_macro::TokenStream,","highlight_start":1,"highlight_end":36},{"text":"    input: proc_macro::TokenStream,","highlight_start":1,"highlight_end":36},{"text":") -> proc_macro::TokenStream {","highlight_start":1,"highlight_end":29}],"label":null,"suggested_replacement":null,"suggestion_applicability":null,"expansion":null}}}],"children":[],"rendered":null}],"rendered":"\u001b[0m\u001b[1m\u001b[38;5;9merror[E0599]\u001b[0m\u001b[0m\u001b[1m: no method named `exit` found for struct `InitAccount` in the current scope\u001b[0m\n\u001b[0m  \u001b[0m\u001b[0m\u001b[1m\u001b[38;5;12m--> \u001b[0m\u001b[0mprograms/nftDex/src/lib.rs:16:1\u001b[0m\n\u001b[0m   \u001b[0m\u001b[0m\u001b[1m\u001b[38;5;12m|\u001b[0m\n\u001b[0m\u001b[1m\u001b[38;5;12m16\u001b[0m\u001b[0m \u001b[0m\u001b[0m\u001b[1m\u001b[38;5;12m|\u001b[0m\u001b[0m \u001b[0m\u001b[0m#[program]\u001b[0m\n\u001b[0m   \u001b[0m\u001b[0m\u001b[1m\u001b[38;5;12m| \u001b[0m\u001b[0m\u001b[1m\u001b[38;5;9m^^^^^^^^^^\u001b[0m\u001b[0m \u001b[0m\u001b[0m\u001b[1m\u001b[38;5;9mmethod not found in `InitAccount<'_>`\u001b[0m\n\u001b[0m\u001b[1m\u001b[38;5;12m...\u001b[0m\n\u001b[0m\u001b[1m\u001b[38;5;12m42\u001b[0m\u001b[0m \u001b[0m\u001b[0m\u001b[1m\u001b[38;5;12m|\u001b[0m\u001b[0m \u001b[0m\u001b[0mpub struct InitAccount<'info> {\u001b[0m\n\u001b[0m   \u001b[0m\u001b[0m\u001b[1m\u001b[38;5;12m| \u001b[0m\u001b[0m\u001b[1m\u001b[38;5;12m-----------------------------\u001b[0m\u001b[0m \u001b[0m\u001b[0m\u001b[1m\u001b[38;5;12mmethod `exit` not found for this struct\u001b[0m\n\u001b[0m   \u001b[0m\u001b[0m\u001b[1m\u001b[38;5;12m|\u001b[0m\n\u001b[0m   \u001b[0m\u001b[0m\u001b[1m\u001b[38;5;12m= \u001b[0m\u001b[0m\u001b[1mhelp\u001b[0m\u001b[0m: items from traits can only be used if the trait is implemented and in scope\u001b[0m\n\u001b[0m   \u001b[0m\u001b[0m\u001b[1m\u001b[38;5;12m= \u001b[0m\u001b[0m\u001b[1mnote\u001b[0m\u001b[0m: the following trait defines an item `exit`, perhaps you need to implement it:\u001b[0m\n\u001b[0m           candidate #1: `anchor_lang::AccountsExit`\u001b[0m\n\u001b[0m   \u001b[0m\u001b[0m\u001b[1m\u001b[38;5;12m= \u001b[0m\u001b[0m\u001b[1mnote\u001b[0m\u001b[0m: this error originates in the attribute macro `program` (in Nightly builds, run with -Z macro-backtrace for more info)\u001b[0m\n\u001b[0m\u001b[1m\u001b[38;5;14mhelp\u001b[0m\u001b[0m: one of the expressions' fields has a method of the same name\u001b[0m\n\u001b[0m   \u001b[0m\u001b[0m\u001b[1m\u001b[38;5;12m|\u001b[0m\n\u001b[0m\u001b[1m\u001b[38;5;12m16\u001b[0m\u001b[0m \u001b[0m\u001b[0m\u001b[1m\u001b[38;5;12m| \u001b[0m\u001b[0m\u001b[38;5;10mowner.\u001b[0m\u001b[0m#[program]\u001b[0m\n\u001b[0m   \u001b[0m\u001b[0m\u001b[1m\u001b[38;5;12m|\u001b[0m\u001b[0m \u001b[0m\u001b[0m\u001b[38;5;10m++++++\u001b[0m\n\n"}
{"message":"aborting due to 5 previous errors","code":null,"level":"error","spans":[],"children":[],"rendered":"\u001b[0m\u001b[1m\u001b[38;5;9merror\u001b[0m\u001b[0m\u001b[1m: aborting due to 5 previous errors\u001b[0m\n\n"}
{"message":"Some errors have detailed explanations: E0277, E0432, E0599.","code":null,"level":"failure-note","spans":[],"children":[],"rendered":"\u001b[0m\u001b[1mSome errors have detailed explanations: E0277, E0432, E0599.\u001b[0m\n"}
{"message":"For more information about an error, try `rustc --explain E0277`.","code":null,"level":"failure-note","spans":[],"children":[],"rendered":"\u001b[0m\u001b[1mFor more information about an error, try `rustc --explain E0277`.\u001b[0m\n"}
